[INFO] Scanning for projects...
[INFO] 
[INFO] --------------------< cs.msu.edu:CSCI_440_Project >---------------------
[INFO] Building CSCI_440_Project 1.0-SNAPSHOT
[INFO]   from pom.xml
[INFO] --------------------------------[ jar ]---------------------------------
[INFO] 
[INFO] --- resources:3.3.1:resources (default-resources) @ CSCI_440_Project ---
[WARNING] Using platform encoding (UTF-8 actually) to copy filtered resources, i.e. build is platform dependent!
[INFO] Copying 33 resources from src/main/resources to target/classes
[INFO] 
[INFO] --- compiler:3.1:compile (default-compile) @ CSCI_440_Project ---
[INFO] Nothing to compile - all classes are up to date
[INFO] 
[INFO] --- resources:3.3.1:testResources (default-testResources) @ CSCI_440_Project ---
[WARNING] Using platform encoding (UTF-8 actually) to copy filtered resources, i.e. build is platform dependent!
[INFO] Copying 3 resources from src/test/resources to target/test-classes
[INFO] 
[INFO] --- compiler:3.1:testCompile (default-testCompile) @ CSCI_440_Project ---
[INFO] Changes detected - recompiling the module!
[WARNING] File encoding has not been set, using platform encoding UTF-8, i.e. build is platform dependent!
[INFO] Compiling 17 source files to /Users/carson/Projects/msu/csci-440-fall2023/grading/scripts/repos/megan_steinmasel/target/test-classes
[INFO] -------------------------------------------------------------
[ERROR] COMPILATION ERROR : 
[INFO] -------------------------------------------------------------
[ERROR] /Users/carson/Projects/msu/csci-440-fall2023/grading/scripts/repos/megan_steinmasel/src/test/java/edu/montana/csci/csci440/homework/Homework1.java:[17,96] ')' or ',' expected
[ERROR] /Users/carson/Projects/msu/csci-440-fall2023/grading/scripts/repos/megan_steinmasel/src/test/java/edu/montana/csci/csci440/homework/Homework1.java:[17,97] not a statement
[ERROR] /Users/carson/Projects/msu/csci-440-fall2023/grading/scripts/repos/megan_steinmasel/src/test/java/edu/montana/csci/csci440/homework/Homework1.java:[17,101] ';' expected
[INFO] 3 errors 
[INFO] -------------------------------------------------------------
[INFO] ------------------------------------------------------------------------
[INFO] BUILD FAILURE
[INFO] ------------------------------------------------------------------------
[INFO] Total time:  0.740 s
[INFO] Finished at: 2023-10-01T16:05:14-06:00
[INFO] ------------------------------------------------------------------------
[ERROR] Failed to execute goal org.apache.maven.plugins:maven-compiler-plugin:3.1:testCompile (default-testCompile) on project CSCI_440_Project: Compilation failure: Compilation failure: 
[ERROR] /Users/carson/Projects/msu/csci-440-fall2023/grading/scripts/repos/megan_steinmasel/src/test/java/edu/montana/csci/csci440/homework/Homework1.java:[17,96] ')' or ',' expected
[ERROR] /Users/carson/Projects/msu/csci-440-fall2023/grading/scripts/repos/megan_steinmasel/src/test/java/edu/montana/csci/csci440/homework/Homework1.java:[17,97] not a statement
[ERROR] /Users/carson/Projects/msu/csci-440-fall2023/grading/scripts/repos/megan_steinmasel/src/test/java/edu/montana/csci/csci440/homework/Homework1.java:[17,101] ';' expected
[ERROR] -> [Help 1]
[ERROR] 
[ERROR] To see the full stack trace of the errors, re-run Maven with the -e switch.
[ERROR] Re-run Maven using the -X switch to enable full debug logging.
[ERROR] 
[ERROR] For more information about the errors and possible solutions, please read the following articles:
[ERROR] [Help 1] http://cwiki.apache.org/confluence/display/MAVEN/MojoFailureException
